<?xml version="1.0" encoding="UTF-8"?>
<testsuite xmlns:xsi="http://www.w3.org/2001/XMLSchema-instance" xsi:noNamespaceSchemaLocation="https://maven.apache.org/surefire/maven-surefire-plugin/xsd/surefire-test-report.xsd" version="3.0.2" name="com.sit.Anushree.AnushreeApplicationTests" time="3.713" tests="1" errors="0" skipped="0" failures="0">
  <properties>
[...]
</properties>
  <testcase name="contextLoads" classname="com.sit.Anushree.AnushreeApplicationTests" time="0.854">
    <system-out><![CDATA[14:05:32.819 [main] INFO org.springframework.test.context.support.AnnotationConfigContextLoaderUtils -- Could not detect default configuration classes for test class [com.sit.Anushree.AnushreeApplicationTests]: AnushreeApplicationTests does not declare any static, non-private, non-final, nested classes annotated with @Configuration.
14:05:32.976 [main] INFO org.springframework.boot.test.context.SpringBootTestContextBootstrapper -- Found @SpringBootConfiguration com.sit.Anushree.AnushreeApplication for test class com.sit.Anushree.AnushreeApplicationTests
14:05:33.298 [main] INFO org.springframework.boot.devtools.restart.RestartApplicationListener -- Restart disabled due to context in which it is running

  .   ____          _            __ _ _
 /\\ / ___'_ __ _ _(_)_ __  __ _ \ \ \ \
( ( )\___ | '_ | '_| | '_ \/ _` | \ \ \ \
 \\/  ___)| |_)| | | | | || (_| |  ) ) ) )
  '  |____| .__|_| |_|_| |_\__, | / / / /
 =========|_|==============|___/=/_/_/_/

 :: Spring Boot ::                (v3.5.3)

2025-07-29T14:05:33.793+05:30  INFO 12052 --- [Anushree] [           main] c.sit.Anushree.AnushreeApplicationTests  : Starting AnushreeApplicationTests using Java 22.0.1 with PID 12052 (started by anush in C:\Users\anush\OneDrive\Desktop\STUDYYYYYY\college\sem 7\DevOps lab\jenkins-docker\Project3\Anushree)
2025-07-29T14:05:33.795+05:30  INFO 12052 --- [Anushree] [           main] c.sit.Anushree.AnushreeApplicationTests  : No active profile set, falling back to 1 default profile: "default"
2025-07-29T14:05:35.399+05:30  INFO 12052 --- [Anushree] [           main] c.sit.Anushree.AnushreeApplicationTests  : Started AnushreeApplicationTests in 2.121 seconds (process running for 3.511)
]]></system-out>
    <system-err><![CDATA[Mockito is currently self-attaching to enable the inline-mock-maker. This will no longer work in future releases of the JDK. Please add Mockito as an agent to your build as described in Mockito's documentation: https://javadoc.io/doc/org.mockito/mockito-core/latest/org.mockito/org/mockito/Mockito.html#0.3
WARNING: A Java agent has been loaded dynamically (C:\Users\anush\.m2\repository\net\bytebuddy\byte-buddy-agent\1.17.6\byte-buddy-agent-1.17.6.jar)
WARNING: If a serviceability tool is in use, please run with -XX:+EnableDynamicAgentLoading to hide this warning
WARNING: If a serviceability tool is not in use, please run with -Djdk.instrument.traceUsage for more information
WARNING: Dynamic loading of agents will be disallowed by default in a future release
]]></system-err>
  </testcase>
</testsuite>