<?xml version="1.0" encoding="UTF-8"?>
<testsuite xmlns:xsi="http://www.w3.org/2001/XMLSchema-instance" xsi:noNamespaceSchemaLocation="https://maven.apache.org/surefire/maven-surefire-plugin/xsd/surefire-test-report-3.0.xsd" version="3.0" name="com.cloudsim.finaltest.CloudSimExamplesTest" time="0.19" tests="1" errors="0" skipped="0" failures="0">
  <properties>
[...]
</properties>
  <testcase name="testExample1" classname="com.cloudsim.finaltest.CloudSimExamplesTest" time="0.073">
    <system-out><![CDATA[Starting CloudSimExample1...
Initialising...
Starting CloudSim version 3.0
Datacenter_0 is starting...
Broker is starting...
Entities started.
0.0: Broker: Cloud Resource List received with 1 resource(s)
0.0: Broker: Trying to Create VM #0 in Datacenter_0
0.1: Broker: VM #0 has been created in Datacenter #2, Host #0
0.1: Broker: Sending cloudlet 0 to VM #0
400.1: Broker: Cloudlet 0 received
400.1: Broker: All Cloudlets executed. Finishing...
400.1: Broker: Destroying VM #0
Broker is shutting down...
Simulation: No more future events
CloudInformationService: Notify all CloudSim entities for shutting down.
Datacenter_0 is shutting down...
Broker is shutting down...
Simulation completed.
Simulation completed.

========== OUTPUT ==========
Cloudlet ID    STATUS    Data center ID    VM ID    Time    Start Time    Finish Time
    0        SUCCESS        2            0        400        0.1        400.1
CloudSimExample1 finished!
CloudSimExample1 ran successfully!
]]></system-out>
  </testcase>
</testsuite>